2026-05-13 10:10:30,715 [INFO] === PIPELINE BẮT ĐẦU ===
2026-05-13 10:10:30,715 [CRITICAL] Unexpected error: name 'read_File' is not defined
Traceback (most recent call last):
  File "e:\Data_Engineer_Cole\HomeWork_Cole\BT_HP5_BigData\practice_ProjectETL_simple\main.py", line 27, in main
    raw_data = read_File(input_path)
               ^^^^^^^^^
NameError: name 'read_File' is not defined
2026-05-13 10:12:40,408 [INFO] === PIPELINE BẮT ĐẦU ===
2026-05-13 10:12:40,408 [CRITICAL] Unexpected error: name 'read_File' is not defined
Traceback (most recent call last):
  File "e:\Data_Engineer_Cole\HomeWork_Cole\BT_HP5_BigData\practice_ProjectETL_simple\main.py", line 28, in main
    raw_data = read_File(input_path)
               ^^^^^^^^^
NameError: name 'read_File' is not defined
2026-05-13 10:18:28,552 [INFO] === PIPELINE BẮT ĐẦU ===
2026-05-13 10:18:28,552 [ERROR] File not found: File not found: data\input\sales_raw.csv
2026-05-13 10:19:40,089 [INFO] === PIPELINE BẮT ĐẦU ===
2026-05-13 10:19:40,090 [INFO] PIPELINE: Start reading data\input\raw_sale.csv
2026-05-13 10:19:40,091 [CRITICAL] Unexpected error: '_io.TextIOWrapper' object has no attribute 'DictReader'
Traceback (most recent call last):
  File "e:\Data_Engineer_Cole\HomeWork_Cole\BT_HP5_BigData\practice_ProjectETL_simple\main.py", line 28, in main
    raw_data = read_File(input_path)
               ^^^^^^^^^^^^^^^^^^^^^
  File "e:\Data_Engineer_Cole\HomeWork_Cole\BT_HP5_BigData\practice_ProjectETL_simple\func_etl.py", line 23, in read_File
    data = f.DictReader(f)
           ^^^^^^^^^^^^
AttributeError: '_io.TextIOWrapper' object has no attribute 'DictReader'
2026-05-13 10:21:05,114 [INFO] === PIPELINE BẮT ĐẦU ===
2026-05-13 10:21:05,115 [INFO] PIPELINE: Start reading data\input\raw_sale.csv
2026-05-13 10:21:05,115 [INFO] Read 5 records from data\input\raw_sale.csv
2026-05-13 10:21:05,115 [CRITICAL] Unexpected error: validate_data() missing 1 required positional argument: 'row_number'
Traceback (most recent call last):
  File "e:\Data_Engineer_Cole\HomeWork_Cole\BT_HP5_BigData\practice_ProjectETL_simple\main.py", line 31, in main
    clean_data, errors = transform_Data(raw_data)
                         ^^^^^^^^^^^^^^^^^^^^^^^^
  File "e:\Data_Engineer_Cole\HomeWork_Cole\BT_HP5_BigData\practice_ProjectETL_simple\func_etl.py", line 90, in transform_Data
    is_valid, errors = validate_data(data)
                       ^^^^^^^^^^^^^^^^^^^
TypeError: validate_data() missing 1 required positional argument: 'row_number'
2026-05-13 10:23:30,181 [INFO] === PIPELINE BẮT ĐẦU ===
2026-05-13 10:23:30,181 [INFO] PIPELINE: Start reading data\input\raw_sale.csv
2026-05-13 10:23:30,182 [INFO] Read 5 records from data\input\raw_sale.csv
2026-05-13 10:23:30,182 [WARNING] Row number 2: unit_quantity is not an integer: None
2026-05-13 10:23:30,182 [WARNING] Row number 3: unit_quantity is not an integer: None
2026-05-13 10:23:30,183 [WARNING] Row number 4: unit_quantity is not an integer: None; Invalid email format: cuong@invalid
2026-05-13 10:23:30,183 [WARNING] Row number 5: unit_quantity is not an integer: None; unit_price is not a number: 
2026-05-13 10:23:30,183 [WARNING] Row number 6: unit_quantity is not an integer: None
2026-05-13 10:23:30,183 [INFO] Valid counts: 0, Error counts: 5
2026-05-13 10:23:30,184 [WARNING] No data to save to CSV
2026-05-13 10:23:30,184 [INFO] Save data to data/output/report.json
2026-05-13 10:23:30,185 [CRITICAL] Unexpected error: 'total_orders'
Traceback (most recent call last):
  File "e:\Data_Engineer_Cole\HomeWork_Cole\BT_HP5_BigData\practice_ProjectETL_simple\main.py", line 41, in main
    print_data(report_data)
  File "e:\Data_Engineer_Cole\HomeWork_Cole\BT_HP5_BigData\practice_ProjectETL_simple\func_etl.py", line 173, in print_data
    print(f"Tổng đơn hàng:   {data['total_orders']:>10,}")
                              ~~~~^^^^^^^^^^^^^^^^
KeyError: 'total_orders'
2026-05-13 10:35:32,632 [INFO] === PIPELINE BẮT ĐẦU ===
2026-05-13 10:35:32,632 [INFO] PIPELINE: Start reading data\input\raw_sale.csv
2026-05-13 10:35:32,633 [INFO] Read 5 records from data\input\raw_sale.csv
2026-05-13 10:35:32,633 [WARNING] Row number 2: unit_quantity is not an integer: None
2026-05-13 10:35:32,634 [WARNING] Row number 3: unit_quantity is not an integer: None
2026-05-13 10:35:32,634 [WARNING] Row number 4: unit_quantity is not an integer: None; Invalid email format: cuong@invalid
2026-05-13 10:35:32,634 [WARNING] Row number 5: unit_quantity is not an integer: None; unit_price is not a number: 
2026-05-13 10:35:32,634 [WARNING] Row number 6: unit_quantity is not an integer: None
2026-05-13 10:35:32,635 [INFO] Valid counts: 0, Error counts: 5
2026-05-13 10:35:32,635 [WARNING] No data to save to CSV
2026-05-13 10:35:32,636 [INFO] Save data to data/output/report.json
2026-05-13 10:35:32,636 [CRITICAL] Unexpected error: 'total_orders'
Traceback (most recent call last):
  File "e:\Data_Engineer_Cole\HomeWork_Cole\BT_HP5_BigData\practice_ProjectETL_simple\main.py", line 41, in main
    print_data(report_data)
  File "e:\Data_Engineer_Cole\HomeWork_Cole\BT_HP5_BigData\practice_ProjectETL_simple\func_etl.py", line 173, in print_data
    print(f"Tổng đơn hàng:   {data['total_orders']:>10,}")
                              ~~~~^^^^^^^^^^^^^^^^
KeyError: 'total_orders'
2026-05-13 10:41:14,213 [INFO] === PIPELINE BẮT ĐẦU ===
2026-05-13 10:41:14,213 [INFO] PIPELINE: Start reading data\input\raw_sale.csv
2026-05-13 10:41:14,214 [INFO] Read 5 records from data\input\raw_sale.csv
2026-05-13 10:41:14,226 [WARNING] Row number 3: quantity is not an integer: abc
2026-05-13 10:41:14,226 [WARNING] Row number 4: Invalid email format: cuong@invalid
2026-05-13 10:41:14,226 [WARNING] Row number 5: unit_price is not a number: 
2026-05-13 10:41:14,227 [INFO] Valid counts: 2, Error counts: 3
2026-05-13 10:41:14,228 [INFO] Wrote 2 records to data/output/sales_clean.csv
2026-05-13 10:41:14,229 [INFO] Save data to data/output/report.json
2026-05-13 10:41:14,231 [INFO] === PIPELINE HOÀN THÀNH (0.02s) ===
